<?xml version="1.0" encoding="UTF-8"?>
  <testsuite tests="9" failures="0" time="281.150186047">
      <testcase name="[sig-auth] PodSecurityPolicy should enforce the restricted extensions.PodSecurityPolicy" classname="Kubernetes e2e suite" time="0">
          <skipped></skipped>
      </testcase>
      <testcase name="[sig-api-machinery] Garbage collector should support cascading deletion of custom resources" classname="Kubernetes e2e suite" time="0">
          <skipped></skipped>
      </testcase>
      <testcase name="[sig-storage] Projected should be consumable from pods in volume with mappings as non-root [NodeConformance] [Conformance]" classname="Kubernetes e2e suite" time="23.409919398"></testcase>
      <testcase name="[sig-storage] PersistentVolumes-local  Pod with node different from PV&#39;s NodeAffinity should fail scheduling due to different NodeAffinity" classname="Kubernetes e2e suite" time="0">
          <skipped></skipped>
      </testcase>
      <testcase name="[sig-cluster-lifecycle] Upgrade [Feature:Upgrade] master upgrade should maintain a functioning cluster [Feature:MasterUpgrade]" classname="Kubernetes e2e suite" time="0">
          <skipped></skipped>
      </testcase>
      <testcase name="[sig-network] Services should only allow access from service loadbalancer source ranges [Slow]" classname="Kubernetes e2e suite" time="0">
          <skipped></skipped>
      </testcase>
      <testcase name="[k8s.io] Downward API [Serial] [Disruptive] [NodeFeature:EphemeralStorage] Downward API tests for local ephemeral storage should provide default limits.ephemeral-storage from node allocatable" classname="Kubernetes e2e suite" time="0">
          <skipped></skipped>
      </testcase>
      <testcase name="[sig-network] Loadbalancing: L7 GCE [Slow] [Feature:kubemci] should remove clusters as expected" classname="Kubernetes e2e suite" time="0">
          <skipped></skipped>
      </testcase>
      <testcase name="[sig-cli] Kubectl client [k8s.io] Kubectl run rc should create an rc from an image  [Conformance]" classname="Kubernetes e2e suite" time="32.723508804"></testcase>
      <testcase name="[sig-storage] Downward API volume should provide container&#39;s memory limit [NodeConformance] [Conformance]" classname="Kubernetes e2e suite" time="16.274602187"></testcase>
      <testcase name="[sig-network] NoSNAT [Feature:NoSNAT] [Slow] Should be able to send traffic between Pods without SNAT" classname="Kubernetes e2e suite" time="0">
          <skipped></skipped>
      </testcase>
      <testcase name="[sig-apps] Deployment deployment should support proportional scaling" classname="Kubernetes e2e suite" time="0">
          <skipped></skipped>
      </testcase>
      <testcase name="[k8s.io] [sig-node] Pods Extended [k8s.io] Pods Set QOS Class should be submitted and removed  [Conformance]" classname="Kubernetes e2e suite" time="38.329607611"></testcase>
      <testcase name="[sig-network] Loadbalancing: L7 GCE [Slow] [Feature:NEG] should be able to switch between IG and NEG modes" classname="Kubernetes e2e suite" time="0">
          <skipped></skipped>
      </testcase>
      <testcase name="[sig-storage] Projected should be consumable from pods in volume [NodeConformance] [Conformance]" classname="Kubernetes e2e suite" time="14.411065191"></testcase>
      <testcase name="[sig-storage] vsphere cloud provider stress [Feature:vsphere] vsphere stress tests" classname="Kubernetes e2e suite" time="0">
          <skipped></skipped>
      </testcase>
      <testcase name="[sig-storage] Dynamic Provisioning Block volume provisioning [Feature:BlockVolume] should create and delete block persistent volumes" classname="Kubernetes e2e suite" time="0">
          <skipped></skipped>
      </testcase>
      <testcase name="[sig-storage] Subpath [Volume type: emptyDir] should fail if subpath directory is outside the volume [Slow]" classname="Kubernetes e2e suite" time="0">
          <skipped></skipped>
      </testcase>
      <testcase name="[sig-autoscaling] Cluster size autoscaling [Slow] should be able to scale down by draining system pods with pdb[Feature:ClusterSizeAutoscalingScaleDown]" classname="Kubernetes e2e suite" time="0">
          <skipped></skipped>
      </testcase>
      <testcase name="[k8s.io] Pods should have their auto-restart back-off timer reset on image update [Slow][NodeConformance]" classname="Kubernetes e2e suite" time="0">
          <skipped></skipped>
      </testcase>
      <testcase name="[sig-storage] ConfigMap should be consumable from pods in volume with mappings and Item mode set [NodeConformance] [Conformance]" classname="Kubernetes e2e suite" time="19.490545981"></testcase>
      <testcase name="[k8s.io] InitContainer [NodeConformance] should not start app containers and fail the pod if init containers fail on a RestartNever pod" classname="Kubernetes e2e suite" time="0">
          <skipped></skipped>
      </testcase>
      <testcase name="[sig-cluster-lifecycle] gpu Upgrade [Feature:GPUUpgrade] master upgrade should NOT disrupt gpu pod [Feature:GPUMasterUpgrade]" classname="Kubernetes e2e suite" time="0">
          <skipped></skipped>
      </testcase>
      <testcase name="[sig-storage] PersistentVolumes-local  [Volume type: blockfs] Two pods mounting a local volume at the same time should be able to write from pod1 and read from pod2" classname="Kubernetes e2e suite" time="0">
          <skipped></skipped>
      </testcase>
      <testcase name="[sig-storage] Projected should provide node allocatable (cpu) as default cpu limit if the limit is not set [NodeConformance] [Conformance]" classname="Kubernetes e2e suite" time="12.873910043"></testcase>
      <testcase name="[sig-storage] EmptyDir volumes when FSGroup is specified [NodeFeature:FSGroup] volume on default medium should have the correct mode using FSGroup" classname="Kubernetes e2e suite" time="0">
          <skipped></skipped>
      </testcase>
      <testcase name="[sig-storage] Subpath [Volume type: gcePDPartitioned] should support file as subpath" classname="Kubernetes e2e suite" time="0">
          <skipped></skipped>
      </testcase>
      <testcase name="[sig-storage] Subpath Atomic writer volumes should support subpaths with downward pod" classname="Kubernetes e2e suite" time="0">
          <skipped></skipped>
      </testcase>
      <testcase name="[sig-instrumentation] Kibana Logging Instances Is Alive [Feature:Elasticsearch] should check that the Kibana logging instance is alive" classname="Kubernetes e2e suite" time="0">
          <skipped></skipped>
      </testcase>
      <testcase name="[sig-storage] Subpath [Volume type: nfs] should support existing directory" classname="Kubernetes e2e suite" time="0">
          <skipped></skipped>
      </testcase>
      <testcase name="[sig-cli] Kubectl Port forwarding [k8s.io] With a server listening on 0.0.0.0 [k8s.io] that expects a client request should support a client that connects, sends NO DATA, and disconnects" classname="Kubernetes e2e suite" time="0">
          <skipped></skipped>
      </testcase>
      <testcase name="[sig-storage] Subpath [Volume type: nfsPVC] should support restarting containers using file as subpath [Slow]" classname="Kubernetes e2e suite" time="0">
          <skipped></skipped>
      </testcase>
      <testcase name="[sig-storage] Subpath [Volume type: hostPath] should support restarting containers using directory as subpath [Slow]" classname="Kubernetes e2e suite" time="0">
          <skipped></skipped>
      </testcase>
      <testcase name="[sig-storage] Volume Provisioning On Clustered Datastore [Feature:vsphere] verify dynamic provision with spbm policy on clustered datastore" classname="Kubernetes e2e suite" time="0">
          <skipped></skipped>
      </testcase>
      <testcase name="[k8s.io] Probing container with readiness probe that fails should never be ready and never restart [NodeConformance] [Conformance]" classname="Kubernetes e2e suite" time="82.293259907"></testcase>
      <testcase name="[sig-apps] ReplicationController should surface a failure condition on a common issue like exceeded quota" classname="Kubernetes e2e suite" time="0">
          <skipped></skipped>
      </testcase>
      <testcase name="[sig-storage] ConfigMap should be consumable from pods in volume [NodeConformance] [Conformance]" classname="Kubernetes e2e suite" time="40.511738334"></testcase>
  </testsuite>