<?xml version="1.0" encoding="UTF-8"?>
  <testsuite tests="6" failures="1" time="2383.1962185">
      <testcase name="ServiceLoadBalancer should support updating internal IP when updating internal service" classname="Cloud provider Azure e2e suite" time="209.9910573"></testcase>
      <testcase name="ServiceLoadBalancer should support assigning to specific IP when updating public service" classname="Cloud provider Azure e2e suite" time="401.0613623"></testcase>
      <testcase name="ServiceLoadBalancer should update public IP without deleting the user&#39;s PIP resource" classname="Cloud provider Azure e2e suite" time="793.1219899">
          <failure type="Failure">C:/Users/t-xinhli/Documents/t-xinhli/go/src/k8s.io/cloud-provider-azure/tests/e2e/network/service_loadbalancer.go:151&#xA;Expected error:&#xA;    &lt;*errors.errorString | 0xc042085720&gt;: {&#xA;        s: &#34;timed out waiting for the condition&#34;,&#xA;    }&#xA;    timed out waiting for the condition&#xA;not to have occurred&#xA;C:/Users/t-xinhli/Documents/t-xinhli/go/src/k8s.io/cloud-provider-azure/tests/e2e/network/service_loadbalancer.go:186</failure>
          <system-out>Aug 13 10:42:12.213: INFO: Creating a kubernetes client&#xA;Aug 13 10:42:12.218: INFO: Creating a test namespace&#xA;Aug 13 10:42:12.521: INFO: Creating deployment servicelb-test&#xA;Aug 13 10:42:12.823: INFO: Creating public IP resourc named service-lb-public-IP-none7b79&#xA;Aug 13 10:42:18.717: INFO: Successfully created LoadBalancer service servicelb-test in namespace e2e-tests-service-lb-2nlgd&#xA;�[1mSTEP�[0m: Waiting for exposure of public service with assigned lb IP&#xA;Aug 13 10:42:19.018: INFO: Fail to get ingress, retry it in 10s seconds&#xA;Aug 13 10:42:29.321: INFO: Fail to get ingress, retry it in 10s seconds&#xA;Aug 13 10:42:39.321: INFO: Fail to get ingress, retry it in 10s seconds&#xA;Aug 13 10:42:49.321: INFO: Fail to get ingress, retry it in 10s seconds&#xA;Aug 13 10:42:59.321: INFO: Exposure successfully&#xA;�[1mSTEP�[0m: Updating the service to a public service without lb IP&#xA;Aug 13 10:43:00.227: INFO: External IP is still 168.62.189.164&#xA;Aug 13 10:43:10.529: INFO: External IP is still 168.62.189.164&#xA;Aug 13 10:43:20.529: INFO: External IP is still 168.62.189.164&#xA;Aug 13 10:43:30.530: INFO: External IP is still 168.62.189.164&#xA;Aug 13 10:43:40.530: INFO: External IP is still 168.62.189.164&#xA;Aug 13 10:43:50.530: INFO: External IP is still 168.62.189.164&#xA;Aug 13 10:44:00.531: INFO: External IP is still 168.62.189.164&#xA;Aug 13 10:44:10.531: INFO: External IP is still 168.62.189.164&#xA;Aug 13 10:44:20.532: INFO: External IP is still 168.62.189.164&#xA;Aug 13 10:44:30.533: INFO: External IP is still 168.62.189.164&#xA;Aug 13 10:44:40.525: INFO: External IP is still 168.62.189.164&#xA;Aug 13 10:44:50.527: INFO: External IP is still 168.62.189.164&#xA;Aug 13 10:45:00.524: INFO: External IP is still 168.62.189.164&#xA;Aug 13 10:45:10.526: INFO: External IP is still 168.62.189.164&#xA;Aug 13 10:45:20.527: INFO: External IP is still 168.62.189.164&#xA;Aug 13 10:45:30.526: INFO: External IP is still 168.62.189.164&#xA;Aug 13 10:45:40.527: INFO: External IP is still 168.62.189.164&#xA;Aug 13 10:45:50.528: INFO: External IP is still 168.62.189.164&#xA;Aug 13 10:46:00.529: INFO: External IP is still 168.62.189.164&#xA;Aug 13 10:46:10.530: INFO: External IP is still 168.62.189.164&#xA;Aug 13 10:46:20.530: INFO: External IP is still 168.62.189.164&#xA;Aug 13 10:46:30.530: INFO: External IP is still 168.62.189.164&#xA;Aug 13 10:46:40.531: INFO: External IP is still 168.62.189.164&#xA;Aug 13 10:46:50.533: INFO: External IP is still 168.62.189.164&#xA;Aug 13 10:47:00.532: INFO: External IP is still 168.62.189.164&#xA;Aug 13 10:47:10.533: INFO: External IP is still 168.62.189.164&#xA;Aug 13 10:47:20.532: INFO: External IP is still 168.62.189.164&#xA;Aug 13 10:47:30.533: INFO: External IP is still 168.62.189.164&#xA;Aug 13 10:47:40.535: INFO: External IP is still 168.62.189.164&#xA;Aug 13 10:47:50.532: INFO: External IP is still 168.62.189.164&#xA;Aug 13 10:48:00.534: INFO: External IP is still 168.62.189.164&#xA;Aug 13 10:48:10.535: INFO: External IP is still 168.62.189.164&#xA;Aug 13 10:48:20.536: INFO: External IP is still 168.62.189.164&#xA;Aug 13 10:48:30.538: INFO: External IP is still 168.62.189.164&#xA;Aug 13 10:48:40.537: INFO: External IP is still 168.62.189.164&#xA;Aug 13 10:48:50.537: INFO: External IP is still 168.62.189.164&#xA;Aug 13 10:49:00.538: INFO: External IP is still 168.62.189.164&#xA;Aug 13 10:49:10.536: INFO: External IP is still 168.62.189.164&#xA;Aug 13 10:49:20.539: INFO: External IP is still 168.62.189.164&#xA;Aug 13 10:49:30.537: INFO: External IP is still 168.62.189.164&#xA;Aug 13 10:49:40.540: INFO: External IP is still 168.62.189.164&#xA;Aug 13 10:49:50.540: INFO: External IP is still 168.62.189.164&#xA;Aug 13 10:50:00.539: INFO: External IP is still 168.62.189.164&#xA;Aug 13 10:50:10.541: INFO: External IP is still 168.62.189.164&#xA;Aug 13 10:50:20.541: INFO: External IP is still 168.62.189.164&#xA;Aug 13 10:50:30.543: INFO: External IP is still 168.62.189.164&#xA;Aug 13 10:50:40.542: INFO: External IP is still 168.62.189.164&#xA;Aug 13 10:50:50.542: INFO: External IP is still 168.62.189.164&#xA;Aug 13 10:51:00.542: INFO: External IP is still 168.62.189.164&#xA;Aug 13 10:51:10.544: INFO: External IP is still 168.62.189.164&#xA;Aug 13 10:51:20.543: INFO: External IP is still 168.62.189.164&#xA;Aug 13 10:51:30.545: INFO: External IP is still 168.62.189.164&#xA;Aug 13 10:51:40.544: INFO: External IP is still 168.62.189.164&#xA;Aug 13 10:51:50.545: INFO: External IP is still 168.62.189.164&#xA;Aug 13 10:52:00.545: INFO: External IP is still 168.62.189.164&#xA;Aug 13 10:52:10.546: INFO: External IP is still 168.62.189.164&#xA;Aug 13 10:52:20.547: INFO: External IP is still 168.62.189.164&#xA;Aug 13 10:52:30.547: INFO: External IP is still 168.62.189.164&#xA;Aug 13 10:52:40.548: INFO: External IP is still 168.62.189.164&#xA;Aug 13 10:52:50.548: INFO: External IP is still 168.62.189.164&#xA;Aug 13 10:53:00.549: INFO: External IP is still 168.62.189.164&#xA;Aug 13 10:53:00.841: INFO: External IP is still 168.62.189.164&#xA;�[1mSTEP�[0m: Cleaning up&#xA;Aug 13 10:53:01.181: INFO: Deleting public IP resourc named service-lb-public-IP-none7b79&#xA;Aug 13 10:55:02.492: INFO: Deleting namespace e2e-tests-service-lb-2nlgd&#xA;</system-out>
      </testcase>
      <testcase name="ServiceLoadBalancer should support updating internal IP when updating internal service" classname="Cloud provider Azure e2e suite" time="198.8629973"></testcase>
      <testcase name="ServiceLoadBalancer should support updating an internal service to a public service with assigned IP" classname="Cloud provider Azure e2e suite" time="491.2127676"></testcase>
  </testsuite>