<?xml version="1.0" encoding="UTF-8"?>
  <testsuite tests="5" failures="0" time="1201.7764163">
      <testcase name="Service with annotation can be accessed by domain name" classname="Cloud provider Azure e2e suite" time="458.9401599"></testcase>
      <testcase name="Service with annotation can be bound to an internal load balancer" classname="Cloud provider Azure e2e suite" time="256.1007605"></testcase>
      <testcase name="Service with annotation can specify which subnet the internal load balancer should be bound to" classname="Cloud provider Azure e2e suite" time="439.083743"></testcase>
      <testcase name="Service with annotation should be bound to the load balancer from any available set with minimum rules in auto mode" classname="Cloud provider Azure e2e suite" time="23.9222869"></testcase>
      <testcase name="Service with annotation should be bound to the load balancer among specific sets with minimum rules in {name1},{name2} mode" classname="Cloud provider Azure e2e suite" time="23.729466"></testcase>
  </testsuite>