<?xml version="1.0" encoding="UTF-8"?>
  <testsuite tests="2" failures="1" time="689.0629362">
      <testcase name="Service with annotation can update bound to specific IP" classname="Cloud provider Azure e2e suite" time="681.3439909">
          <failure type="Failure">C:/Users/t-xinhli/Documents/t-xinhli/go/src/k8s.io/cloud-provider-azure/tests/e2e/network/service_annotations.go:200&#xA;Expected&#xA;    &lt;string&gt;: &#xA;to equal&#xA;    &lt;string&gt;: 40.76.2.174&#xA;C:/Users/t-xinhli/Documents/t-xinhli/go/src/k8s.io/cloud-provider-azure/tests/e2e/network/service_annotations.go:225</failure>
          <system-out>Jul 24 12:19:23.141: INFO: Creating a kubernetes client&#xA;Jul 24 12:19:23.146: INFO: Creating a test namespace&#xA;Jul 24 12:19:24.427: INFO: Creating deployment annotation-test&#xA;Jul 24 12:19:25.023: INFO: Successfully created LoadBalancer service annotation-test in namespace e2e-tests-service-89s88&#xA;�[1mSTEP�[0m: Waiting for service exposure&#xA;Jul 24 12:19:25.307: INFO: Fail to gind ingress, retry it in 10 seconds&#xA;Jul 24 12:19:35.592: INFO: Fail to gind ingress, retry it in 10 seconds&#xA;Jul 24 12:19:45.593: INFO: Fail to gind ingress, retry it in 10 seconds&#xA;Jul 24 12:19:55.601: INFO: Fail to gind ingress, retry it in 10 seconds&#xA;Jul 24 12:20:05.596: INFO: Fail to gind ingress, retry it in 10 seconds&#xA;Jul 24 12:20:15.594: INFO: Fail to gind ingress, retry it in 10 seconds&#xA;Jul 24 12:20:25.594: INFO: Fail to gind ingress, retry it in 10 seconds&#xA;Jul 24 12:20:35.596: INFO: Exposure successfully&#xA;Jul 24 12:20:35.596: INFO: Get Externel IP: 40.76.79.205&#xA;Jul 24 12:20:36.455: INFO: Unmatched external IP&#xA;Jul 24 12:20:46.742: INFO: Unmatched external IP&#xA;Jul 24 12:20:56.741: INFO: Unmatched external IP&#xA;Jul 24 12:21:06.742: INFO: Unmatched external IP&#xA;Jul 24 12:21:16.744: INFO: Unmatched external IP&#xA;Jul 24 12:21:26.744: INFO: Unmatched external IP&#xA;Jul 24 12:21:36.743: INFO: Unmatched external IP&#xA;Jul 24 12:21:46.748: INFO: Unmatched external IP&#xA;Jul 24 12:21:56.744: INFO: Unmatched external IP&#xA;Jul 24 12:22:06.745: INFO: Unmatched external IP&#xA;Jul 24 12:22:16.745: INFO: Unmatched external IP&#xA;Jul 24 12:22:26.746: INFO: Unmatched external IP&#xA;Jul 24 12:22:36.746: INFO: Unmatched external IP&#xA;Jul 24 12:22:46.748: INFO: Unmatched external IP&#xA;Jul 24 12:22:56.749: INFO: Unmatched external IP&#xA;Jul 24 12:23:06.748: INFO: Unmatched external IP&#xA;Jul 24 12:23:16.748: INFO: Unmatched external IP&#xA;Jul 24 12:23:26.751: INFO: Unmatched external IP&#xA;Jul 24 12:23:36.750: INFO: Unmatched external IP&#xA;Jul 24 12:23:46.749: INFO: Unmatched external IP&#xA;Jul 24 12:23:56.749: INFO: Unmatched external IP&#xA;Jul 24 12:24:06.750: INFO: Unmatched external IP&#xA;Jul 24 12:24:16.750: INFO: Unmatched external IP&#xA;Jul 24 12:24:26.751: INFO: Unmatched external IP&#xA;Jul 24 12:24:36.751: INFO: Unmatched external IP&#xA;Jul 24 12:24:46.751: INFO: Unmatched external IP&#xA;Jul 24 12:24:56.754: INFO: Unmatched external IP&#xA;Jul 24 12:25:06.752: INFO: Unmatched external IP&#xA;Jul 24 12:25:16.752: INFO: Unmatched external IP&#xA;Jul 24 12:25:26.754: INFO: Unmatched external IP&#xA;Jul 24 12:25:36.753: INFO: Unmatched external IP&#xA;Jul 24 12:25:46.754: INFO: Unmatched external IP&#xA;Jul 24 12:25:56.755: INFO: Unmatched external IP&#xA;Jul 24 12:26:06.754: INFO: Unmatched external IP&#xA;Jul 24 12:26:16.754: INFO: Unmatched external IP&#xA;Jul 24 12:26:26.756: INFO: Unmatched external IP&#xA;Jul 24 12:26:36.755: INFO: Unmatched external IP&#xA;Jul 24 12:26:46.757: INFO: Unmatched external IP&#xA;Jul 24 12:26:56.757: INFO: Unmatched external IP&#xA;Jul 24 12:27:06.756: INFO: Unmatched external IP&#xA;Jul 24 12:27:16.756: INFO: Unmatched external IP&#xA;Jul 24 12:27:26.758: INFO: Unmatched external IP&#xA;Jul 24 12:27:36.758: INFO: Unmatched external IP&#xA;Jul 24 12:27:46.757: INFO: Unmatched external IP&#xA;Jul 24 12:27:56.758: INFO: Unmatched external IP&#xA;Jul 24 12:28:06.758: INFO: Unmatched external IP&#xA;Jul 24 12:28:16.758: INFO: Unmatched external IP&#xA;Jul 24 12:28:26.759: INFO: Unmatched external IP&#xA;Jul 24 12:28:36.759: INFO: Unmatched external IP&#xA;Jul 24 12:28:46.760: INFO: Unmatched external IP&#xA;Jul 24 12:28:56.759: INFO: Unmatched external IP&#xA;Jul 24 12:29:06.760: INFO: Unmatched external IP&#xA;Jul 24 12:29:16.761: INFO: Unmatched external IP&#xA;Jul 24 12:29:26.760: INFO: Unmatched external IP&#xA;Jul 24 12:29:36.762: INFO: Unmatched external IP&#xA;Jul 24 12:29:46.763: INFO: Unmatched external IP&#xA;Jul 24 12:29:56.761: INFO: Unmatched external IP&#xA;Jul 24 12:30:06.763: INFO: Unmatched external IP&#xA;Jul 24 12:30:16.762: INFO: Unmatched external IP&#xA;Jul 24 12:30:26.764: INFO: Unmatched external IP&#xA;Jul 24 12:30:36.762: INFO: Unmatched external IP&#xA;Jul 24 12:30:37.047: INFO: Unmatched external IP&#xA;Jul 24 12:30:37.047: INFO: Get Externel IP: &#xA;�[1mSTEP�[0m: Cleaning up&#xA;Jul 24 12:30:37.654: INFO: Deleting namespace e2e-tests-service-89s88&#xA;</system-out>
      </testcase>
      <testcase name="Service with annotation should be bound to the load balancer among specific sets with minimum rules in {name1},{name2} mode" classname="Cloud provider Azure e2e suite" time="7.7189453"></testcase>
  </testsuite>