<?xml version="1.0" encoding="UTF-8"?>
  <testsuite tests="3" failures="0" time="161.3747385">
      <testcase name="Service with annotation can specify which subnet the internal load balancer should be bound to" classname="Cloud provider Azure e2e suite" time="85.93725"></testcase>
      <testcase name="Service with annotation should be bound to the load balancer from any available set with minimum rules in auto mode" classname="Cloud provider Azure e2e suite" time="51.7163796"></testcase>
      <testcase name="Service with annotation should be bound to the load balancer among specific sets with minimum rules in {name1},{name2} mode" classname="Cloud provider Azure e2e suite" time="23.7201094"></testcase>
  </testsuite>